<?xml version="1.0" encoding="UTF-8" ?>
<testsuite tests="1" failures="0" name="server.Testx" time="0.007" errors="0" skipped="0">
  <properties>
    <property name="java.runtime.name" value="Java(TM) SE Runtime Environment"/>
    <property name="sun.boot.library.path" value="G:\jdk\jdk1.8.0_65_x64\jre\bin"/>
    <property name="java.vm.version" value="25.65-b01"/>
    <property name="java.vm.vendor" value="Oracle Corporation"/>
    <property name="maven.multiModuleProjectDirectory" value="C:\Users\BinaryLeeward\Desktop\${workspace_loc:\server}"/>
    <property name="java.vendor.url" value="http://java.oracle.com/"/>
    <property name="path.separator" value=";"/>
    <property name="guice.disable.misplaced.annotation.check" value="true"/>
    <property name="java.vm.name" value="Java HotSpot(TM) 64-Bit Server VM"/>
    <property name="file.encoding.pkg" value="sun.io"/>
    <property name="user.script" value=""/>
    <property name="user.country" value="CN"/>
    <property name="sun.java.launcher" value="SUN_STANDARD"/>
    <property name="sun.os.patch.level" value=""/>
    <property name="java.vm.specification.name" value="Java Virtual Machine Specification"/>
    <property name="user.dir" value="G:\Project_game\NettyDemo\server"/>
    <property name="java.runtime.version" value="1.8.0_65-b17"/>
    <property name="java.awt.graphicsenv" value="sun.awt.Win32GraphicsEnvironment"/>
    <property name="java.endorsed.dirs" value="G:\jdk\jdk1.8.0_65_x64\jre\lib\endorsed"/>
    <property name="os.arch" value="amd64"/>
    <property name="java.io.tmpdir" value="C:\Users\BINARY~1\AppData\Local\Temp\"/>
    <property name="line.separator" value="
"/>
    <property name="java.vm.specification.vendor" value="Oracle Corporation"/>
    <property name="user.variant" value=""/>
    <property name="os.name" value="Windows 10"/>
    <property name="classworlds.conf" value="G:\Project_game\NettyDemo\.metadata\.plugins\org.eclipse.m2e.launching\launches\m2conf4386042307257471049.tmp"/>
    <property name="sun.jnu.encoding" value="GBK"/>
    <property name="java.library.path" value="G:\jdk\jdk1.8.0_65_x64\bin;C:\WINDOWS\Sun\Java\bin;C:\WINDOWS\system32;C:\WINDOWS;G:\jdk\jdk1.8.0_65_x64\jre\bin;G:/jdk/jdk1.8.0_65_x64/bin/../jre/bin/server;G:/jdk/jdk1.8.0_65_x64/bin/../jre/bin;G:/jdk/jdk1.8.0_65_x64/bin/../jre/lib/amd64;G:\goRepository;G:\goProject;G:\gitReposity\leafserver\bin;G:\protoc-3.0.0-beta-2-win32;F:\PortableGit-1.9.5-preview20141217\bin;G:\go1.5.2.windows-386\bin;G:\jdk\jdk_x86\bin;G:\jdk\jdk_x86\jre\bin;C:\WINDOWS\system32;C:\WINDOWS;C:\WINDOWS\System32\Wbem;C:\WINDOWS\System32\WindowsPowerShell\v1.0\;C:\Program Files (x86)\AMD\ATI.ACE\Core-Static;C:\Program Files (x86)\ATI Technologies\ATI.ACE\Core-Static;C:\Program Files (x86)\GtkSharp\2.12\bin;C:\Users\BinaryLeeward\Desktop;;."/>
    <property name="java.specification.name" value="Java Platform API Specification"/>
    <property name="java.class.version" value="52.0"/>
    <property name="sun.management.compiler" value="HotSpot 64-Bit Tiered Compilers"/>
    <property name="os.version" value="10.0"/>
    <property name="user.home" value="C:\Users\BinaryLeeward"/>
    <property name="user.timezone" value="Asia/Shanghai"/>
    <property name="java.awt.printerjob" value="sun.awt.windows.WPrinterJob"/>
    <property name="java.specification.version" value="1.8"/>
    <property name="file.encoding" value="GBK"/>
    <property name="user.name" value="BinaryLeeward"/>
    <property name="java.class.path" value="/C:/Users/BinaryLeeward/.p2/pool/plugins/org.eclipse.m2e.maven.runtime_1.6.2.20150902-0001/jars/plexus-classworlds-2.5.2.jar"/>
    <property name="java.vm.specification.version" value="1.8"/>
    <property name="sun.arch.data.model" value="64"/>
    <property name="java.home" value="G:\jdk\jdk1.8.0_65_x64\jre"/>
    <property name="sun.java.command" value="org.codehaus.plexus.classworlds.launcher.Launcher -B -s G:\DevelopSoft\MAVEN\apache-maven-3.1.1\conf\settings.xml clean install eclipse:clean eclipse:eclipse"/>
    <property name="java.specification.vendor" value="Oracle Corporation"/>
    <property name="user.language" value="zh"/>
    <property name="awt.toolkit" value="sun.awt.windows.WToolkit"/>
    <property name="java.vm.info" value="mixed mode"/>
    <property name="java.version" value="1.8.0_65"/>
    <property name="java.ext.dirs" value="G:\jdk\jdk1.8.0_65_x64\jre\lib\ext;C:\WINDOWS\Sun\Java\lib\ext"/>
    <property name="sun.boot.class.path" value="G:\jdk\jdk1.8.0_65_x64\jre\lib\resources.jar;G:\jdk\jdk1.8.0_65_x64\jre\lib\rt.jar;G:\jdk\jdk1.8.0_65_x64\jre\lib\sunrsasign.jar;G:\jdk\jdk1.8.0_65_x64\jre\lib\jsse.jar;G:\jdk\jdk1.8.0_65_x64\jre\lib\jce.jar;G:\jdk\jdk1.8.0_65_x64\jre\lib\charsets.jar;G:\jdk\jdk1.8.0_65_x64\jre\lib\jfr.jar;G:\jdk\jdk1.8.0_65_x64\jre\classes"/>
    <property name="java.vendor" value="Oracle Corporation"/>
    <property name="maven.home" value="G:\Project_game\NettyDemo\server\EMBEDDED"/>
    <property name="file.separator" value="\"/>
    <property name="java.vendor.url.bug" value="http://bugreport.sun.com/bugreport/"/>
    <property name="sun.cpu.endian" value="little"/>
    <property name="sun.io.unicode.encoding" value="UnicodeLittle"/>
    <property name="sun.desktop" value="windows"/>
    <property name="sun.cpu.isalist" value="amd64"/>
  </properties>
  <testcase classname="server.Testx" name="test" time="0.007"/>
</testsuite>